17:14:56: Creating resource group General
17:14:56: Creating resource group Internal
17:14:56: Creating resource group Autodetect
17:14:56: SceneManagerFactory for type 'DefaultSceneManager' registered.
17:14:56: Registering ResourceManager for type Material
17:14:56: Registering ResourceManager for type Mesh
17:14:56: Registering ResourceManager for type Skeleton
17:14:56: MovableObjectFactory for type 'ParticleSystem' registered.
17:14:56: OverlayElementFactory for type Panel registered.
17:14:56: OverlayElementFactory for type BorderPanel registered.
17:14:56: OverlayElementFactory for type TextArea registered.
17:14:56: Registering ResourceManager for type Font
17:14:56: ArchiveFactory for archive type FileSystem registered.
17:14:56: ArchiveFactory for archive type Zip registered.
17:14:56: DDS codec registering
17:14:56: FreeImage version: 3.10.0
17:14:56: This program uses FreeImage, a free, open source image library supporting all common bitmap formats. See http://freeimage.sourceforge.net for details
17:14:56: Supported formats: bmp,ico,jpg,jif,jpeg,jpe,jng,koa,iff,lbm,mng,pbm,pbm,pcd,pcx,pgm,pgm,png,ppm,ppm,ras,tga,targa,tif,tiff,wap,wbmp,wbm,psd,cut,xbm,xpm,gif,hdr,g3,sgi,exr,j2k,j2c,jp2
17:14:56: Registering ResourceManager for type HighLevelGpuProgram
17:14:56: Registering ResourceManager for type Compositor
17:14:56: MovableObjectFactory for type 'Entity' registered.
17:14:56: MovableObjectFactory for type 'Light' registered.
17:14:56: MovableObjectFactory for type 'BillboardSet' registered.
17:14:56: MovableObjectFactory for type 'ManualObject' registered.
17:14:56: MovableObjectFactory for type 'BillboardChain' registered.
17:14:56: MovableObjectFactory for type 'RibbonTrail' registered.
17:14:56: OGRE EXCEPTION(6:FileNotFoundException): 'plugins.cfg' file not found! in ConfigFile::load at /home/alberto/DEV/SDKS/ogre_src_v1-7-1/OgreMain/src/OgreConfigFile.cpp (line 83)
17:14:56: plugins.cfg not found, automatic plugin loading disabled.
17:14:56: *-*-* OGRE Initialising
17:14:56: *-*-* Version 1.7.1 (Cthugha)
17:14:56: Loading library RenderSystem_GL
17:14:56: Installing plugin: GL RenderSystem
17:14:56: OpenGL Rendering Subsystem created.
17:14:56: Plugin successfully installed
17:14:56: Loading library Plugin_CgProgramManager
17:14:56: Installing plugin: Cg Program Manager
17:14:56: Plugin successfully installed
17:14:56: Loading library Plugin_ParticleFX
17:14:56: Installing plugin: ParticleFX
17:14:56: Particle Emitter Type 'Point' registered
17:14:56: Particle Emitter Type 'Box' registered
17:14:56: Particle Emitter Type 'Ellipsoid' registered
17:14:56: Particle Emitter Type 'Cylinder' registered
17:14:56: Particle Emitter Type 'Ring' registered
17:14:56: Particle Emitter Type 'HollowEllipsoid' registered
17:14:56: Particle Affector Type 'LinearForce' registered
17:14:56: Particle Affector Type 'ColourFader' registered
17:14:56: Particle Affector Type 'ColourFader2' registered
17:14:56: Particle Affector Type 'ColourImage' registered
17:14:56: Particle Affector Type 'ColourInterpolator' registered
17:14:56: Particle Affector Type 'Scaler' registered
17:14:56: Particle Affector Type 'Rotator' registered
17:14:56: Particle Affector Type 'DirectionRandomiser' registered
17:14:56: Particle Affector Type 'DeflectorPlane' registered
17:14:56: Plugin successfully installed
17:14:56: CPU Identifier & Features
17:14:56: -------------------------
17:14:56:  *   CPU ID: GenuineIntel: Intel(R) Core(TM)2 Quad CPU    Q6600  @ 2.40GHz
17:14:56:  *      SSE: yes
17:14:56:  *     SSE2: yes
17:14:56:  *     SSE3: yes
17:14:56:  *      MMX: yes
17:14:56:  *   MMXEXT: yes
17:14:56:  *    3DNOW: no
17:14:56:  * 3DNOWEXT: no
17:14:56:  *     CMOV: yes
17:14:56:  *      TSC: yes
17:14:56:  *      FPU: yes
17:14:56:  *      PRO: yes
17:14:56:  *       HT: no
17:14:56: -------------------------
17:14:56: ******************************
*** Starting GLX Subsystem ***
******************************
17:14:56: Added resource location 'media/Meshes/' of type 'FileSystem' to resource group 'General'
17:14:56: Added resource location 'media/Textures/' of type 'FileSystem' to resource group 'General'
17:14:56: Added resource location 'media/Materiales/' of type 'FileSystem' to resource group 'General'
17:14:56: Added resource location 'media/Particulas/' of type 'FileSystem' to resource group 'General'
17:14:56: Added resource location 'media/Glow/' of type 'FileSystem' to resource group 'General'
17:14:56: Added resource location 'media/GUI/' of type 'FileSystem' to resource group 'General'
17:14:56: Added resource location 'media/GUI/imagenes' of type 'FileSystem' to resource group 'General'
17:14:56: GLRenderSystem::_createRenderWindow "OgreWidget", 170x522 windowed  miscParams: externalWindowHandle=69206057 
17:14:56: GLXWindow::create: The externalWindowHandle parameter is deprecated.
Use the parentWindowHandle or currentGLContext parameter instead.
17:14:56: GLXWindow::create used FBConfigID = 117
17:14:56: GL_VERSION = 3.2.0 NVIDIA 195.36.15
17:14:56: GL_VENDOR = NVIDIA Corporation
17:14:56: GL_RENDERER = GeForce GTX 275/PCI/SSE2
17:14:56: GL_EXTENSIONS = GL_ARB_color_buffer_float GL_ARB_compatibility GL_ARB_copy_buffer GL_ARB_depth_buffer_float GL_ARB_depth_clamp GL_ARB_depth_texture GL_ARB_draw_buffers GL_ARB_draw_elements_base_vertex GL_ARB_draw_instanced GL_ARB_fragment_coord_conventions GL_ARB_fragment_program GL_ARB_fragment_program_shadow GL_ARB_fragment_shader GL_ARB_framebuffer_object GL_ARB_framebuffer_sRGB GL_ARB_geometry_shader4 GL_ARB_half_float_pixel GL_ARB_half_float_vertex GL_ARB_imaging GL_ARB_map_buffer_range GL_ARB_multisample GL_ARB_multitexture GL_ARB_occlusion_query GL_ARB_pixel_buffer_object GL_ARB_point_parameters GL_ARB_point_sprite GL_ARB_provoking_vertex GL_ARB_seamless_cube_map GL_ARB_shader_objects GL_ARB_shading_language_100 GL_ARB_shadow GL_ARB_sync GL_ARB_texture_border_clamp GL_ARB_texture_buffer_object GL_ARB_texture_compression GL_ARB_texture_compression_rgtc GL_ARB_texture_cube_map GL_ARB_texture_env_add GL_ARB_texture_env_combine GL_ARB_texture_env_crossbar GL_ARB_texture_env_dot3 GL_ARB_texture_float GL_ARB_texture_mirrored_repeat GL_ARB_texture_multisample GL_ARB_texture_non_power_of_two GL_ARB_texture_rectangle GL_ARB_texture_rg GL_ARB_transpose_matrix GL_ARB_uniform_buffer_object GL_ARB_vertex_array_bgra GL_ARB_vertex_array_object GL_ARB_vertex_buffer_object GL_ARB_vertex_program GL_ARB_vertex_shader GL_ARB_window_pos GL_ATI_draw_buffers GL_ATI_texture_float GL_ATI_texture_mirror_once GL_S3_s3tc GL_EXT_texture_env_add GL_EXT_abgr GL_EXT_bgra GL_EXT_bindable_uniform GL_EXT_blend_color GL_EXT_blend_equation_separate GL_EXT_blend_func_separate GL_EXT_blend_minmax GL_EXT_blend_subtract GL_EXT_compiled_vertex_array GL_EXT_Cg_shader GL_EXT_depth_bounds_test GL_EXT_direct_state_access GL_EXT_draw_buffers2 GL_EXT_draw_instanced GL_EXT_draw_range_elements GL_EXT_fog_coord GL_EXT_framebuffer_blit GL_EXT_framebuffer_multisample GL_EXTX_framebuffer_mixed_formats GL_EXT_framebuffer_object GL_EXT_framebuffer_sRGB GL_EXT_geometry_shader4 GL_EXT_gpu_program_parameters GL_EXT_gpu_shader4 GL_EXT_multi_draw_arrays GL_EXT_packed_depth_stencil GL_EXT_packed_float GL_EXT_packed_pixels GL_EXT_pixel_buffer_object GL_EXT_point_parameters GL_EXT_provoking_vertex GL_EXT_rescale_normal GL_EXT_secondary_color GL_EXT_separate_shader_objects GL_EXT_separate_specular_color GL_EXT_shadow_funcs GL_EXT_stencil_two_side GL_EXT_stencil_wrap GL_EXT_texture3D GL_EXT_texture_array GL_EXT_texture_buffer_object GL_EXT_texture_compression_latc GL_EXT_texture_compression_rgtc GL_EXT_texture_compression_s3tc GL_EXT_texture_cube_map GL_EXT_texture_edge_clamp GL_EXT_texture_env_combine GL_EXT_texture_env_dot3 GL_EXT_texture_filter_anisotropic GL_EXT_texture_integer GL_EXT_texture_lod GL_EXT_texture_lod_bias GL_EXT_texture_mirror_clamp GL_EXT_texture_object GL_EXT_texture_shared_exponent GL_EXT_texture_sRGB GL_EXT_texture_swizzle GL_EXT_timer_query GL_EXT_transform_feedback2 GL_EXT_vertex_array GL_EXT_vertex_array_bgra GL_IBM_rasterpos_clip GL_IBM_texture_mirrored_repeat GL_KTX_buffer_region GL_NV_blend_square GL_NV_conditional_render GL_NV_copy_depth_to_color GL_NV_copy_image GL_NV_depth_buffer_float GL_NV_depth_clamp GL_NV_explicit_multisample GL_NV_fence GL_NV_float_buffer GL_NV_fog_distance GL_NV_fragment_program GL_NV_fragment_program_option GL_NV_fragment_program2 GL_NV_framebuffer_multisample_coverage GL_NV_geometry_shader4 GL_NV_gpu_program4 GL_NV_half_float GL_NV_light_max_exponent GL_NV_multisample_coverage GL_NV_multisample_filter_hint GL_NV_occlusion_query GL_NV_packed_depth_stencil GL_NV_parameter_buffer_object GL_NV_parameter_buffer_object2 GL_NV_pixel_data_range GL_NV_point_sprite GL_NV_primitive_restart GL_NV_register_combiners GL_NV_register_combiners2 GL_NV_shader_buffer_load GL_NV_texgen_reflection GL_NV_texture_barrier GL_NV_texture_compression_vtc GL_NV_texture_env_combine4 GL_NV_texture_expand_normal GL_NV_texture_rectangle GL_NV_texture_shader GL_NV_texture_shader2 GL_NV_texture_shader3 GL_NV_transform_feedback GL_NV_transform_feedback2 GL_NV_vertex_array_range GL_NV_vertex_array_range2 GL_NV_vertex_buffer_unified_memory GL_NV_vertex_program GL_NV_vertex_program1_1 GL_NV_vertex_program2 GL_NV_vertex_program2_option GL_NV_vertex_program3 GL_NVX_conditional_render GL_NVX_gpu_memory_info GL_SGIS_generate_mipmap GL_SGIS_texture_lod GL_SGIX_depth_texture GL_SGIX_shadow GL_SUN_slice_accum 
17:14:56: Supported GLX extensions: GLX_EXT_visual_info GLX_EXT_visual_rating GLX_SGIX_fbconfig GLX_SGIX_pbuffer GLX_SGI_video_sync GLX_SGI_swap_control GLX_EXT_swap_control GLX_EXT_texture_from_pixmap GLX_ARB_create_context GLX_ARB_create_context_profile GLX_ARB_multisample GLX_NV_float_buffer GLX_ARB_fbconfig_float GLX_EXT_framebuffer_sRGB GLX_ARB_get_proc_address 
17:14:56: ***************************
17:14:56: *** GL Renderer Started ***
17:14:56: ***************************
17:14:56: Registering ResourceManager for type GpuProgram
17:14:56: GLSL support detected
17:14:56: GL: Using GL_EXT_framebuffer_object for rendering to textures (best)
17:14:56: FBO PF_UNKNOWN depth/stencil support: D16S0 D24S0 D32S0 Packed-D24S8 
17:14:56: FBO PF_L8 depth/stencil support: D0S0 D16S0 D24S0 D32S0 Packed-D24S8 
17:14:56: FBO PF_A8 depth/stencil support: D0S0 D16S0 D24S0 D32S0 Packed-D24S8 
17:14:56: FBO PF_A4L4 depth/stencil support: D0S0 D16S0 D24S0 D32S0 Packed-D24S8 
17:14:56: FBO PF_BYTE_LA depth/stencil support: D0S0 D16S0 D24S0 D32S0 Packed-D24S8 
17:14:56: FBO PF_R5G6B5 depth/stencil support: D0S0 D16S0 D24S0 D32S0 Packed-D24S8 
17:14:56: FBO PF_B5G6R5 depth/stencil support: D0S0 D16S0 D24S0 D32S0 Packed-D24S8 
17:14:56: FBO PF_A1R5G5B5 depth/stencil support: D0S0 D16S0 D24S0 D32S0 Packed-D24S8 
17:14:56: FBO PF_R8G8B8 depth/stencil support: D0S0 D16S0 D24S0 D32S0 Packed-D24S8 
17:14:56: FBO PF_B8G8R8 depth/stencil support: D0S0 D16S0 D24S0 D32S0 Packed-D24S8 
17:14:56: FBO PF_A8R8G8B8 depth/stencil support: D0S0 D16S0 D24S0 D32S0 Packed-D24S8 
17:14:56: FBO PF_B8G8R8A8 depth/stencil support: D0S0 D16S0 D24S0 D32S0 Packed-D24S8 
17:14:56: FBO PF_A2R10G10B10 depth/stencil support: D0S0 D16S0 D24S0 D32S0 Packed-D24S8 
17:14:56: FBO PF_A2B10G10R10 depth/stencil support: D0S0 D16S0 D24S0 D32S0 Packed-D24S8 
17:14:56: FBO PF_FLOAT16_RGB depth/stencil support: D0S0 D16S0 D24S0 D32S0 Packed-D24S8 
17:14:56: FBO PF_FLOAT16_RGBA depth/stencil support: D0S0 D16S0 D24S0 D32S0 Packed-D24S8 
17:14:56: FBO PF_FLOAT32_RGB depth/stencil support: D0S0 D16S0 D24S0 D32S0 Packed-D24S8 
17:14:56: FBO PF_FLOAT32_RGBA depth/stencil support: D0S0 D16S0 D24S0 D32S0 Packed-D24S8 
17:14:56: FBO PF_X8R8G8B8 depth/stencil support: D0S0 D16S0 D24S0 D32S0 Packed-D24S8 
17:14:56: FBO PF_X8B8G8R8 depth/stencil support: D0S0 D16S0 D24S0 D32S0 Packed-D24S8 
17:14:56: FBO PF_SHORT_RGBA depth/stencil support: D0S0 D16S0 D24S0 D32S0 Packed-D24S8 
17:14:56: FBO PF_R3G3B2 depth/stencil support: D0S0 D16S0 D24S0 D32S0 Packed-D24S8 
17:14:56: FBO PF_FLOAT16_R depth/stencil support: D0S0 D16S0 D24S0 D32S0 Packed-D24S8 
17:14:56: FBO PF_FLOAT32_R depth/stencil support: D0S0 D16S0 D24S0 D32S0 Packed-D24S8 
17:14:56: FBO PF_FLOAT16_GR depth/stencil support: D0S0 D16S0 D24S0 D32S0 Packed-D24S8 
17:14:56: FBO PF_FLOAT32_GR depth/stencil support: D0S0 D16S0 D24S0 D32S0 Packed-D24S8 
17:14:56: FBO PF_SHORT_RGB depth/stencil support: D0S0 D16S0 D24S0 D32S0 Packed-D24S8 
17:14:56: [GL] : Valid FBO targets PF_UNKNOWN PF_L8 PF_A8 PF_A4L4 PF_BYTE_LA PF_R5G6B5 PF_B5G6R5 PF_A1R5G5B5 PF_R8G8B8 PF_B8G8R8 PF_A8R8G8B8 PF_B8G8R8A8 PF_A2R10G10B10 PF_A2B10G10R10 PF_FLOAT16_RGB PF_FLOAT16_RGBA PF_FLOAT32_RGB PF_FLOAT32_RGBA PF_X8R8G8B8 PF_X8B8G8R8 PF_SHORT_RGBA PF_R3G3B2 PF_FLOAT16_R PF_FLOAT32_R PF_FLOAT16_GR PF_FLOAT32_GR PF_SHORT_RGB 
17:14:56: RenderSystem capabilities
17:14:56: -------------------------
17:14:56: RenderSystem Name: OpenGL Rendering Subsystem
17:14:56: GPU Vendor: nvidia
17:14:56: Device Name: GeForce GTX 275/PCI/SSE2
17:14:56: Driver Version: 3.2.0.0
17:14:56:  * Fixed function pipeline: yes
17:14:56:  * Hardware generation of mipmaps: yes
17:14:56:  * Texture blending: yes
17:14:56:  * Anisotropic texture filtering: yes
17:14:56:  * Dot product texture operation: yes
17:14:56:  * Cube mapping: yes
17:14:56:  * Hardware stencil buffer: yes
17:14:56:    - Stencil depth: 8
17:14:56:    - Two sided stencil support: yes
17:14:56:    - Wrap stencil values: yes
17:14:56:  * Hardware vertex / index buffers: yes
17:14:56:  * Vertex programs: yes
17:14:56:  * Number of floating-point constants for vertex programs: 1024
17:14:56:  * Number of integer constants for vertex programs: 0
17:14:56:  * Number of boolean constants for vertex programs: 0
17:14:56:  * Fragment programs: yes
17:14:56:  * Number of floating-point constants for fragment programs: 512
17:14:56:  * Number of integer constants for fragment programs: 0
17:14:56:  * Number of boolean constants for fragment programs: 0
17:14:56:  * Geometry programs: yes
17:14:56:  * Number of floating-point constants for geometry programs: 512
17:14:56:  * Number of integer constants for geometry programs: 0
17:14:56:  * Number of boolean constants for geometry programs: 0
17:14:56:  * Supported Shader Profiles: arbfp1 arbvp1 fp20 fp30 fp40 glsl gp4gp gpu_gp nvgp4 vp30 vp40
17:14:56:  * Texture Compression: yes
17:14:56:    - DXT: yes
17:14:56:    - VTC: yes
17:14:56:    - PVRTC: no
17:14:56:  * Scissor Rectangle: yes
17:14:56:  * Hardware Occlusion Query: yes
17:14:56:  * User clip planes: yes
17:14:56:  * VET_UBYTE4 vertex element type: yes
17:14:56:  * Infinite far plane projection: yes
17:14:56:  * Hardware render-to-texture: yes
17:14:56:  * Floating point textures: yes
17:14:56:  * Non-power-of-two textures: yes
17:14:56:  * Volume textures: yes
17:14:56:  * Multiple Render Targets: 8
17:14:56:    - With different bit depths: yes
17:14:56:  * Point Sprites: yes
17:14:56:  * Extended point parameters: yes
17:14:56:  * Max Point Size: 63.375
17:14:56:  * Vertex texture fetch: yes
17:14:56:  * Number of world matrices: 0
17:14:56:  * Number of texture units: 32
17:14:56:  * Stencil buffer depth: 8
17:14:56:  * Number of vertex blend matrices: 0
17:14:56:    - Max vertex textures: 32
17:14:56:    - Vertex textures shared: yes
17:14:56:  * Render to Vertex Buffer : yes
17:14:56:  * GL 1.5 without VBO workaround: no
17:14:56:  * Frame Buffer objects: yes
17:14:56:  * Frame Buffer objects (ARB extension): no
17:14:56:  * Frame Buffer objects (ATI extension): no
17:14:56:  * PBuffer support: no
17:14:56:  * GL 1.5 without HW-occlusion workaround: no
17:14:56: Registering ResourceManager for type Texture
17:14:56: DefaultWorkQueue('Root') initialising on thread main.
17:14:56: Particle Renderer Type 'billboard' registered
17:14:56: Parsing scripts for resource group Autodetect
17:14:56: Finished parsing scripts for resource group Autodetect
17:14:56: Parsing scripts for resource group General
17:14:56: Parsing script cg.program
17:14:56: Parsing script glow.program
17:14:56: OGRE EXCEPTION(2:InvalidParametersException): Parameter called time does not exist.  in GpuProgramParameters::_findNamedConstantDefinition at /home/alberto/DEV/SDKS/ogre_src_v1-7-1/OgreMain/src/OgreGpuProgramParams.cpp (line 1433)
17:14:56: Compiler error: invalid parameters in glow.program(47): setting of constant failed
17:14:56: Parsing script embudo.material
17:14:56: Parsing script flecha.material
17:14:56: Parsing script pelotas.material
17:14:56: Parsing script escenarios.material
17:14:56: Parsing script bomboShape.material
17:14:56: Parsing script escape.material
17:14:56: Parsing script bomboVisual.material
17:14:56: Compiler error: unknown error in bomboVisual.material(49): token "cubic_texture" is not recognized
17:14:56: Compiler error: unknown error in bomboVisual.material(50): token "tex_address_mode" is not recognized
17:14:56: Compiler error: unknown error in bomboVisual.material(51): token "env_map" is not recognized
17:14:56: Parsing script materiales.material
17:14:56: Parsing script Estrella.material
17:14:56: Parsing script glow.material
17:14:56: Parsing script particulas.particle
17:14:56: Parsing script Emitter.particle
17:14:56: Parsing script glow.compositor
17:14:56: Finished parsing scripts for resource group General
17:14:56: Parsing scripts for resource group Internal
17:14:56: Finished parsing scripts for resource group Internal
17:15:00: Added resource location '../media/Meshes/' of type 'FileSystem' to resource group 'General'
17:15:00: Added resource location '../media/Textures/' of type 'FileSystem' to resource group 'General'
17:15:00: Added resource location '../media/Materiales/' of type 'FileSystem' to resource group 'General'
17:15:00: Added resource location '../media/Particulas/' of type 'FileSystem' to resource group 'General'
17:15:00: Added resource location '../media/Glow/' of type 'FileSystem' to resource group 'General'
17:15:00: Added resource location '../media/GUI/' of type 'FileSystem' to resource group 'General'
17:15:00: Added resource location '../media/GUI/imagenes' of type 'FileSystem' to resource group 'General'
17:15:03: Archivo Panel XML : /home/alberto/DEV/Proyectos/Eclipse/toglia3dGit/toglia3d/media/GUI/gui.2ds encontrado.
17:15:03: Se agregó fuente LucidaSans.ttf 20.
17:15:03: Se agregó elemento label: FPS.
17:15:03: Se agregó textura casilla_1_1.png.
17:15:03: Se agregó elemento box: casilla_1_1.
17:15:03: Se agregó textura casilla_1_2.png.
17:15:03: Se agregó animación duración:2000 A:{73,118} B:{73,108} interpolación:30 bucle:0 esconder:0.
17:15:03: Se agregó animación duración:200 A:{73,118} B:{73,130} interpolación:38 bucle:0 esconder:0.
17:15:03: Se agregó animación duración:500 A:{73,118} B:{73,140} interpolación:26 bucle:2 esconder:0.
17:15:03: Se agregó elemento box: casilla_1_2.
17:15:03: Se agregó textura casilla_1_3.png.
17:15:03: Se agregó elemento box: casilla_1_3.
17:15:03: Se agregó textura casilla_1_4.png.
17:15:03: Se agregó elemento box: casilla_1_4.
17:15:03: Se agregó textura casilla_1_5.png.
17:15:03: Se agregó elemento box: casilla_1_5.
17:15:03: Se agregó textura casilla_1_6.png.
17:15:03: Se agregó elemento box: casilla_1_6.
17:15:03: Se agregó textura casilla_1_7.png.
17:15:03: Se agregó elemento box: casilla_1_7.
17:15:03: Se agregó textura casilla_1_8.png.
17:15:03: Se agregó elemento box: casilla_1_8.
17:15:03: Se agregó textura casilla_1_9.png.
17:15:03: Se agregó elemento box: casilla_1_9.
17:15:03: Se agregó textura casilla_1_10.png.
17:15:03: Se agregó elemento box: casilla_1_10.
17:15:03: Se agregó textura casilla_1_11.png.
17:15:03: Se agregó elemento box: casilla_1_11.
17:15:03: Se agregó textura casilla_1_12.png.
17:15:03: Se agregó elemento box: casilla_1_12.
17:15:03: Se agregó textura casilla_1_13.png.
17:15:03: Se agregó elemento box: casilla_1_13.
17:15:03: Se agregó textura casilla_1_14.png.
17:15:03: Se agregó elemento box: casilla_1_14.
17:15:03: Se agregó textura casilla_1_15.png.
17:15:03: Se agregó elemento box: casilla_1_15.
17:15:03: Se agregó textura casilla_1_16.png.
17:15:03: Se agregó elemento box: casilla_1_16.
17:15:03: Se agregó textura casilla_1_17.png.
17:15:03: Se agregó elemento box: casilla_1_17.
17:15:03: Se agregó textura casilla_1_18.png.
17:15:03: Se agregó elemento box: casilla_1_18.
17:15:03: Se agregó textura casilla_1_19.png.
17:15:03: Se agregó elemento box: casilla_1_19.
17:15:03: Se agregó textura casilla_1_20.png.
17:15:03: Se agregó elemento box: casilla_1_20.
17:15:03: Se agregó textura casilla_1_21.png.
17:15:03: Se agregó elemento box: casilla_1_21.
17:15:03: Se agregó textura casilla_1_22.png.
17:15:03: Se agregó elemento box: casilla_1_22.
17:15:03: Se agregó textura casilla_1_23.png.
17:15:03: Se agregó elemento box: casilla_1_23.
17:15:03: Se agregó textura casilla_1_24.png.
17:15:03: Se agregó elemento box: casilla_1_24.
17:15:03: Se agregó textura casilla_null.png.
17:15:03: Se agregó elemento box: casilla_4_1.
17:15:03: Se agregó elemento box: casilla_4_2.
17:15:03: Se agregó elemento box: casilla_4_3.
17:15:03: Se agregó elemento box: casilla_4_4.
17:15:03: Se agregó elemento box: casilla_4_5.
17:15:03: Se agregó elemento box: casilla_4_6.
17:15:03: Se agregó elemento box: casilla_4_7.
17:15:03: Se agregó elemento box: casilla_4_8.
17:15:03: Se agregó elemento box: casilla_4_9.
17:15:03: Se agregó elemento box: casilla_4_10.
17:15:03: Se agregó elemento box: casilla_4_11.
17:15:03: Se agregó elemento box: casilla_4_12.
17:15:03: Se agregó elemento box: casilla_4_13.
17:15:03: Se agregó elemento box: casilla_4_14.
17:15:03: Se agregó elemento box: casilla_4_15.
17:15:03: Se agregó elemento box: casilla_4_16.
17:15:03: Se agregó elemento box: casilla_4_17.
17:15:03: Se agregó elemento box: casilla_4_18.
17:15:03: Se agregó elemento box: casilla_4_19.
17:15:03: Se agregó elemento box: casilla_4_20.
17:15:03: Se agregó elemento box: casilla_4_21.
17:15:03: Se agregó elemento box: casilla_4_22.
17:15:03: Se agregó elemento box: casilla_4_23.
17:15:03: Se agregó elemento box: casilla_4_24.
17:15:03: Se agregó elemento box: casilla_5_1.
17:15:03: Se agregó elemento box: casilla_5_2.
17:15:03: Se agregó elemento box: casilla_5_3.
17:15:03: Se agregó elemento box: casilla_5_4.
17:15:03: Se agregó elemento box: casilla_5_5.
17:15:03: Se agregó elemento box: casilla_5_6.
17:15:03: Se agregó elemento box: casilla_5_7.
17:15:03: Se agregó elemento box: casilla_5_8.
17:15:03: Se agregó elemento box: casilla_5_9.
17:15:03: Se agregó elemento box: casilla_5_10.
17:15:03: Se agregó elemento box: casilla_5_11.
17:15:03: Se agregó elemento box: casilla_5_12.
17:15:03: Se agregó elemento box: casilla_5_13.
17:15:03: Se agregó elemento box: casilla_5_14.
17:15:03: Se agregó elemento box: casilla_5_15.
17:15:03: Se agregó elemento box: casilla_5_16.
17:15:03: Se agregó elemento box: casilla_5_17.
17:15:03: Se agregó elemento box: casilla_5_18.
17:15:03: Se agregó elemento box: casilla_5_19.
17:15:03: Se agregó elemento box: casilla_5_20.
17:15:03: Se agregó elemento box: casilla_5_21.
17:15:03: Se agregó elemento box: casilla_5_22.
17:15:03: Se agregó elemento box: casilla_5_23.
17:15:03: Se agregó elemento box: casilla_5_24.
17:15:03: Se agregó elemento box: casilla_2_1.
17:15:03: Se agregó elemento box: casilla_2_2.
17:15:03: Se agregó elemento box: casilla_2_3.
17:15:03: Se agregó elemento box: casilla_2_4.
17:15:03: Se agregó elemento box: casilla_2_5.
17:15:03: Se agregó elemento box: casilla_2_6.
17:15:03: Se agregó elemento box: casilla_2_7.
17:15:03: Se agregó elemento box: casilla_2_8.
17:15:03: Se agregó elemento box: casilla_2_9.
17:15:03: Se agregó elemento box: casilla_2_10.
17:15:03: Se agregó elemento box: casilla_2_11.
17:15:03: Se agregó elemento box: casilla_2_12.
17:15:03: Se agregó elemento box: casilla_2_13.
17:15:03: Se agregó elemento box: casilla_2_14.
17:15:03: Se agregó elemento box: casilla_2_15.
17:15:03: Se agregó elemento box: casilla_2_16.
17:15:03: Se agregó elemento box: casilla_2_17.
17:15:03: Se agregó elemento box: casilla_2_18.
17:15:03: Se agregó elemento box: casilla_2_19.
17:15:03: Se agregó elemento box: casilla_2_20.
17:15:03: Se agregó elemento box: casilla_2_21.
17:15:03: Se agregó elemento box: casilla_2_22.
17:15:03: Se agregó elemento box: casilla_2_23.
17:15:03: Se agregó elemento box: casilla_2_24.
17:15:03: Se agregó elemento box: casilla_3_1.
17:15:03: Se agregó elemento box: casilla_3_2.
17:15:03: Se agregó elemento box: casilla_3_3.
17:15:03: Se agregó elemento box: casilla_3_4.
17:15:03: Se agregó elemento box: casilla_3_5.
17:15:03: Se agregó elemento box: casilla_3_6.
17:15:03: Se agregó elemento box: casilla_3_7.
17:15:03: Se agregó elemento box: casilla_3_8.
17:15:03: Se agregó elemento box: casilla_3_9.
17:15:03: Se agregó elemento box: casilla_3_10.
17:15:03: Se agregó elemento box: casilla_3_11.
17:15:03: Se agregó elemento box: casilla_3_12.
17:15:03: Se agregó elemento box: casilla_3_13.
17:15:03: Se agregó elemento box: casilla_3_14.
17:15:03: Se agregó elemento box: casilla_3_15.
17:15:03: Se agregó elemento box: casilla_3_16.
17:15:03: Se agregó elemento box: casilla_3_17.
17:15:03: Se agregó elemento box: casilla_3_18.
17:15:03: Se agregó elemento box: casilla_3_19.
17:15:03: Se agregó elemento box: casilla_3_20.
17:15:03: Se agregó elemento box: casilla_3_21.
17:15:03: Se agregó elemento box: casilla_3_22.
17:15:03: Se agregó elemento box: casilla_3_23.
17:15:03: Se agregó elemento box: casilla_3_24.
17:15:03: Se agregó elemento box: casilla_6_1.
17:15:03: Se agregó elemento box: casilla_6_2.
17:15:03: Se agregó elemento box: casilla_6_3.
17:15:03: Se agregó elemento box: casilla_6_4.
17:15:03: Se agregó elemento box: casilla_6_5.
17:15:03: Se agregó elemento box: casilla_6_6.
17:15:03: Se agregó elemento box: casilla_6_7.
17:15:03: Se agregó elemento box: casilla_6_8.
17:15:03: Se agregó elemento box: casilla_6_9.
17:15:03: Se agregó elemento box: casilla_6_10.
17:15:03: Se agregó elemento box: casilla_6_11.
17:15:03: Se agregó elemento box: casilla_6_12.
17:15:03: Se agregó elemento box: casilla_6_13.
17:15:03: Se agregó elemento box: casilla_6_14.
17:15:03: Se agregó elemento box: casilla_6_15.
17:15:03: Se agregó elemento box: casilla_6_16.
17:15:03: Se agregó elemento box: casilla_6_17.
17:15:03: Se agregó elemento box: casilla_6_18.
17:15:03: Se agregó elemento box: casilla_6_19.
17:15:03: Se agregó elemento box: casilla_6_20.
17:15:03: Se agregó elemento box: casilla_6_21.
17:15:03: Se agregó elemento box: casilla_6_22.
17:15:03: Se agregó elemento box: casilla_6_23.
17:15:03: Se agregó elemento box: casilla_6_24.
17:15:03: Se agregó textura carton_6.png.
17:15:03: Se agregó elemento box: carton_6.
17:15:03: Se agregó textura carton_5.png.
17:15:03: Se agregó elemento box: carton_5.
17:15:03: Se agregó textura carton_4.png.
17:15:03: Se agregó elemento box: carton_4.
17:15:03: Se agregó textura carton_3.png.
17:15:03: Se agregó elemento box: carton_3.
17:15:03: Se agregó textura carton_2.png.
17:15:03: Se agregó elemento box: carton_2.
17:15:03: Se agregó textura carton_1.png.
17:15:03: Se agregó elemento box: carton_1.
17:15:03: Atlas loaded in 0.066 secs. Packed 100 font glyphs and 31 textures into 961x738, with an efficiency of 75.2458%.
17:15:03: Panel /home/alberto/DEV/Proyectos/Eclipse/toglia3dGit/toglia3d/media/GUI/gui.2ds creado exitosamente.
17:15:03: Panel terminó de cargar todos los elementos del archivo /home/alberto/DEV/Proyectos/Eclipse/toglia3dGit/toglia3d/media/GUI/gui.2ds exitosamente.
19:45:12: DefaultWorkQueue('Root') shutting down on thread main.
19:45:12: *-*-* OGRE Shutdown
19:45:12: Unregistering ResourceManager for type Compositor
19:45:12: Unregistering ResourceManager for type Font
19:45:12: Unregistering ResourceManager for type Skeleton
19:45:12: Unregistering ResourceManager for type Mesh
19:45:12: Unregistering ResourceManager for type HighLevelGpuProgram
19:45:12: Uninstalling plugin: ParticleFX
19:45:12: Plugin successfully uninstalled
19:45:12: Unloading library Plugin_ParticleFX
19:45:12: Uninstalling plugin: Cg Program Manager
19:45:12: Plugin successfully uninstalled
19:45:12: Unloading library Plugin_CgProgramManager
19:45:12: Uninstalling plugin: GL RenderSystem
19:45:12: Unregistering ResourceManager for type GpuProgram
19:45:12: ******************************
*** Stopping GLX Subsystem ***
******************************
19:45:12: Unregistering ResourceManager for type Texture
19:45:12: Plugin successfully uninstalled
19:45:12: Unloading library RenderSystem_GL
19:45:12: Unregistering ResourceManager for type Material
